This file contains any messages produced by compilers while
running configure, to aid debugging if configure makes a mistake.

It was created by configure, which was
generated by GNU Autoconf 2.69.  Invocation command line was

  $ ./configure 

## --------- ##
## Platform. ##
## --------- ##

hostname = kali
uname -m = x86_64
uname -r = 5.10.0-kali9-amd64
uname -s = Linux
uname -v = #1 SMP Debian 5.10.46-4kali1 (2021-08-09)

/usr/bin/uname -p = unknown
/bin/uname -X     = unknown

/bin/arch              = x86_64
/usr/bin/arch -k       = unknown
/usr/convex/getsysinfo = unknown
/usr/bin/hostinfo      = unknown
/bin/machine           = unknown
/usr/bin/oslevel       = unknown
/bin/universe          = unknown

PATH: /usr/local/sbin
PATH: /usr/local/bin
PATH: /usr/sbin
PATH: /usr/bin
PATH: /sbin
PATH: /bin
PATH: /usr/local/games
PATH: /usr/games


## ----------- ##
## Core tests. ##
## ----------- ##

configure:2139: checking for grep that handles long lines and -e
configure:2197: result: /usr/bin/grep
configure:2202: checking for egrep
configure:2264: result: /usr/bin/grep -E
configure:2269: checking for a sed that does not truncate output
configure:2333: result: /usr/bin/sed
configure:2472: checking for pkg-config
configure:2490: found /usr/bin/pkg-config
configure:2502: result: /usr/bin/pkg-config
configure:2527: checking pkg-config is at least version 0.9.0
configure:2530: result: yes
configure:2592: checking for cc
configure:2608: found /usr/bin/cc
configure:2619: result: cc
configure:2650: checking for C compiler version
configure:2659: cc --version >&5
cc (Debian 10.2.1-6) 10.2.1 20210110
Copyright (C) 2020 Free Software Foundation, Inc.
This is free software; see the source for copying conditions.  There is NO
warranty; not even for MERCHANTABILITY or FITNESS FOR A PARTICULAR PURPOSE.

configure:2670: $? = 0
configure:2659: cc -v >&5
Using built-in specs.
COLLECT_GCC=cc
COLLECT_LTO_WRAPPER=/usr/lib/gcc/x86_64-linux-gnu/10/lto-wrapper
OFFLOAD_TARGET_NAMES=nvptx-none:amdgcn-amdhsa:hsa
OFFLOAD_TARGET_DEFAULT=1
Target: x86_64-linux-gnu
Configured with: ../src/configure -v --with-pkgversion='Debian 10.2.1-6' --with-bugurl=file:///usr/share/doc/gcc-10/README.Bugs --enable-languages=c,ada,c++,go,brig,d,fortran,objc,obj-c++,m2 --prefix=/usr --with-gcc-major-version-only --program-suffix=-10 --program-prefix=x86_64-linux-gnu- --enable-shared --enable-linker-build-id --libexecdir=/usr/lib --without-included-gettext --enable-threads=posix --libdir=/usr/lib --enable-nls --enable-bootstrap --enable-clocale=gnu --enable-libstdcxx-debug --enable-libstdcxx-time=yes --with-default-libstdcxx-abi=new --enable-gnu-unique-object --disable-vtable-verify --enable-plugin --enable-default-pie --with-system-zlib --enable-libphobos-checking=release --with-target-system-zlib=auto --enable-objc-gc=auto --enable-multiarch --disable-werror --with-arch-32=i686 --with-abi=m64 --with-multilib-list=m32,m64,mx32 --enable-multilib --with-tune=generic --enable-offload-targets=nvptx-none=/build/gcc-10-Km9U7s/gcc-10-10.2.1/debian/tmp-nvptx/usr,amdgcn-amdhsa=/build/gcc-10-Km9U7s/gcc-10-10.2.1/debian/tmp-gcn/usr,hsa --without-cuda-driver --enable-checking=release --build=x86_64-linux-gnu --host=x86_64-linux-gnu --target=x86_64-linux-gnu --with-build-config=bootstrap-lto-lean --enable-link-mutex
Thread model: posix
Supported LTO compression algorithms: zlib zstd
gcc version 10.2.1 20210110 (Debian 10.2.1-6) 
... rest of stderr output deleted ...
configure:2670: $? = 0
configure:2659: cc -V >&5
cc: error: unrecognized command-line option '-V'
cc: fatal error: no input files
compilation terminated.
configure:2670: $? = 1
configure:2659: cc -qversion >&5
cc: error: unrecognized command-line option '-qversion'; did you mean '--version'?
cc: fatal error: no input files
compilation terminated.
configure:2670: $? = 1
configure:2690: checking whether the C compiler works
configure:2712: cc    conftest.c  >&5
configure:2716: $? = 0
configure:2764: result: yes
configure:2767: checking for C compiler default output file name
configure:2769: result: a.out
configure:2775: checking for suffix of executables
configure:2782: cc -o conftest    conftest.c  >&5
configure:2786: $? = 0
configure:2808: result: 
configure:2830: checking whether we are cross compiling
configure:2838: cc -o conftest    conftest.c  >&5
configure:2842: $? = 0
configure:2849: ./conftest
configure:2853: $? = 0
configure:2868: result: no
configure:2873: checking for suffix of object files
configure:2895: cc -c   conftest.c >&5
configure:2899: $? = 0
configure:2920: result: o
configure:2924: checking whether we are using the GNU C compiler
configure:2943: cc -c   conftest.c >&5
configure:2943: $? = 0
configure:2952: result: yes
configure:2961: checking whether cc accepts -g
configure:2981: cc -c -g  conftest.c >&5
configure:2981: $? = 0
configure:3022: result: yes
configure:3039: checking for cc option to accept ISO C89
configure:3102: cc  -c -g -O2  conftest.c >&5
configure:3102: $? = 0
configure:3115: result: none needed
configure:3141: checking how to run the C preprocessor
configure:3172: cc -E  conftest.c
configure:3172: $? = 0
configure:3186: cc -E  conftest.c
conftest.c:9:10: fatal error: ac_nonexistent.h: No such file or directory
    9 | #include <ac_nonexistent.h>
      |          ^~~~~~~~~~~~~~~~~~
compilation terminated.
configure:3186: $? = 1
configure: failed program was:
| /* confdefs.h */
| #define PACKAGE_NAME ""
| #define PACKAGE_TARNAME ""
| #define PACKAGE_VERSION ""
| #define PACKAGE_STRING ""
| #define PACKAGE_BUGREPORT ""
| #define PACKAGE_URL ""
| /* end confdefs.h.  */
| #include <ac_nonexistent.h>
configure:3211: result: cc -E
configure:3231: cc -E  conftest.c
configure:3231: $? = 0
configure:3245: cc -E  conftest.c
conftest.c:9:10: fatal error: ac_nonexistent.h: No such file or directory
    9 | #include <ac_nonexistent.h>
      |          ^~~~~~~~~~~~~~~~~~
compilation terminated.
configure:3245: $? = 1
configure: failed program was:
| /* confdefs.h */
| #define PACKAGE_NAME ""
| #define PACKAGE_TARNAME ""
| #define PACKAGE_VERSION ""
| #define PACKAGE_STRING ""
| #define PACKAGE_BUGREPORT ""
| #define PACKAGE_URL ""
| /* end confdefs.h.  */
| #include <ac_nonexistent.h>
configure:3276: checking for icc
configure:3285: result: no
configure:3299: checking for suncc
configure:3308: result: no
configure:3326: checking for system library directory
configure:3341: result: lib
configure:3348: checking if compiler supports -R
configure:3367: cc -o conftest -g -O2   conftest.c -R /usr/lib  >&5
cc: error: unrecognized command-line option '-R'
configure:3367: $? = 1
configure: failed program was:
| /* confdefs.h */
| #define PACKAGE_NAME ""
| #define PACKAGE_TARNAME ""
| #define PACKAGE_VERSION ""
| #define PACKAGE_STRING ""
| #define PACKAGE_BUGREPORT ""
| #define PACKAGE_URL ""
| /* end confdefs.h.  */
| 
| int
| main ()
| {
| 
|   ;
|   return 0;
| }
configure:3377: result: no
configure:3382: checking if compiler supports -Wl,-rpath,
configure:3401: cc -o conftest -g -O2   conftest.c -Wl,-rpath,/usr/lib  >&5
configure:3401: $? = 0
configure:3411: result: yes
configure:3427: checking build system type
configure:3441: result: x86_64-pc-linux-gnu
configure:3461: checking host system type
configure:3474: result: x86_64-pc-linux-gnu
configure:3494: checking target system type
configure:3507: result: x86_64-pc-linux-gnu
configure:3610: checking for PHP prefix
configure:3612: result: /usr
configure:3614: checking for PHP includes
configure:3616: result: -I/usr/include/php/20190902 -I/usr/include/php/20190902/main -I/usr/include/php/20190902/TSRM -I/usr/include/php/20190902/Zend -I/usr/include/php/20190902/ext -I/usr/include/php/20190902/ext/date/lib
configure:3618: checking for PHP extension directory
configure:3620: result: /usr/lib/php/20190902
configure:3622: checking for PHP installed headers prefix
configure:3624: result: /usr/include/php/20190902
configure:3627: checking if debug is enabled
configure:3653: result: no
configure:3656: checking if zts is enabled
configure:3682: result: no
configure:3750: checking for gawk
configure:3767: found /usr/bin/gawk
configure:3778: result: gawk
configure:3822: checking whether to enable VLD support
configure:3861: result: yes, shared
configure:3870: checking whether to enable VLD developer build flags
configure:3884: result: no
configure:3891: checking Check for supported PHP versions
configure:3898: result: supported (7.4.21)
configure:5228: checking how to print strings
configure:5255: result: printf
configure:5276: checking for a sed that does not truncate output
configure:5340: result: /usr/bin/sed
configure:5358: checking for fgrep
configure:5420: result: /usr/bin/grep -F
configure:5455: checking for ld used by cc
configure:5522: result: /usr/bin/ld
configure:5529: checking if the linker (/usr/bin/ld) is GNU ld
configure:5544: result: yes
configure:5556: checking for BSD- or MS-compatible name lister (nm)
configure:5610: result: /usr/bin/nm -B
configure:5740: checking the name lister (/usr/bin/nm -B) interface
configure:5747: cc -c -g -O2  conftest.c >&5
configure:5750: /usr/bin/nm -B "conftest.o"
configure:5753: output
0000000000000000 B some_variable
configure:5760: result: BSD nm
configure:5763: checking whether ln -s works
configure:5767: result: yes
configure:5775: checking the maximum length of command line arguments
configure:5906: result: 1572864
configure:5954: checking how to convert x86_64-pc-linux-gnu file names to x86_64-pc-linux-gnu format
configure:5994: result: func_convert_file_noop
configure:6001: checking how to convert x86_64-pc-linux-gnu file names to toolchain format
configure:6021: result: func_convert_file_noop
configure:6028: checking for /usr/bin/ld option to reload object files
configure:6035: result: -r
configure:6109: checking for objdump
configure:6125: found /usr/bin/objdump
configure:6136: result: objdump
configure:6168: checking how to recognize dependent libraries
configure:6368: result: pass_all
configure:6453: checking for dlltool
configure:6483: result: no
configure:6513: checking how to associate runtime and link libraries
configure:6540: result: printf %s\n
configure:6600: checking for ar
configure:6616: found /usr/bin/ar
configure:6627: result: ar
configure:6664: checking for archiver @FILE support
configure:6681: cc -c -g -O2  conftest.c >&5
configure:6681: $? = 0
configure:6684: ar cr libconftest.a @conftest.lst >&5
configure:6687: $? = 0
configure:6692: ar cr libconftest.a @conftest.lst >&5
ar: conftest.o: No such file or directory
configure:6695: $? = 1
configure:6707: result: @
configure:6765: checking for strip
configure:6781: found /usr/bin/strip
configure:6792: result: strip
configure:6864: checking for ranlib
configure:6880: found /usr/bin/ranlib
configure:6891: result: ranlib
configure:6968: checking for gawk
configure:6995: result: gawk
configure:7035: checking command to parse /usr/bin/nm -B output from cc object
configure:7188: cc -c -g -O2  conftest.c >&5
configure:7191: $? = 0
configure:7195: /usr/bin/nm -B conftest.o | sed -n -e 's/^.*[	 ]\([ABCDGIRSTW][ABCDGIRSTW]*\)[	 ][	 ]*\([_A-Za-z][_A-Za-z0-9]*\)$/\1 \2 \2/p' | sed '/ __gnu_lto/d' > conftest.nm
configure:7261: cc -o conftest -g -O2   conftest.c conftstm.o >&5
configure:7264: $? = 0
configure:7302: result: ok
configure:7349: checking for sysroot
configure:7379: result: no
configure:7386: checking for a working dd
configure:7424: result: /usr/bin/dd
configure:7428: checking how to truncate binary pipes
configure:7443: result: /usr/bin/dd bs=4096 count=1
configure:7579: cc -c -g -O2  conftest.c >&5
configure:7582: $? = 0
configure:7772: checking for mt
configure:7788: found /usr/bin/mt
configure:7799: result: mt
configure:7822: checking if mt is a manifest tool
configure:7828: mt '-?'
configure:7836: result: no
configure:8508: checking for ANSI C header files
configure:8528: cc -c -g -O2  conftest.c >&5
configure:8528: $? = 0
configure:8601: cc -o conftest -g -O2   conftest.c  >&5
configure:8601: $? = 0
configure:8601: ./conftest
configure:8601: $? = 0
configure:8612: result: yes
configure:8625: checking for sys/types.h
configure:8625: cc -c -g -O2  conftest.c >&5
configure:8625: $? = 0
configure:8625: result: yes
configure:8625: checking for sys/stat.h
configure:8625: cc -c -g -O2  conftest.c >&5
configure:8625: $? = 0
configure:8625: result: yes
configure:8625: checking for stdlib.h
configure:8625: cc -c -g -O2  conftest.c >&5
configure:8625: $? = 0
configure:8625: result: yes
configure:8625: checking for string.h
configure:8625: cc -c -g -O2  conftest.c >&5
configure:8625: $? = 0
configure:8625: result: yes
configure:8625: checking for memory.h
configure:8625: cc -c -g -O2  conftest.c >&5
configure:8625: $? = 0
configure:8625: result: yes
configure:8625: checking for strings.h
configure:8625: cc -c -g -O2  conftest.c >&5
configure:8625: $? = 0
configure:8625: result: yes
configure:8625: checking for inttypes.h
configure:8625: cc -c -g -O2  conftest.c >&5
configure:8625: $? = 0
configure:8625: result: yes
configure:8625: checking for stdint.h
configure:8625: cc -c -g -O2  conftest.c >&5
configure:8625: $? = 0
configure:8625: result: yes
configure:8625: checking for unistd.h
configure:8625: cc -c -g -O2  conftest.c >&5
configure:8625: $? = 0
configure:8625: result: yes
configure:8639: checking for dlfcn.h
configure:8639: cc -c -g -O2  conftest.c >&5
configure:8639: $? = 0
configure:8639: result: yes
configure:8895: checking for objdir
configure:8910: result: .libs
configure:9174: checking if cc supports -fno-rtti -fno-exceptions
configure:9192: cc -c -g -O2  -fno-rtti -fno-exceptions conftest.c >&5
cc1: warning: command-line option '-fno-rtti' is valid for C++/D/ObjC++ but not for C
configure:9196: $? = 0
configure:9209: result: no
configure:9573: checking for cc option to produce PIC
configure:9580: result: -fPIC -DPIC
configure:9588: checking if cc PIC flag -fPIC -DPIC works
configure:9606: cc -c -g -O2  -fPIC -DPIC -DPIC conftest.c >&5
configure:9610: $? = 0
configure:9623: result: yes
configure:9652: checking if cc static flag -static works
configure:9680: result: yes
configure:9695: checking if cc supports -c -o file.o
configure:9716: cc -c -g -O2  -o out/conftest2.o conftest.c >&5
configure:9720: $? = 0
configure:9742: result: yes
configure:9750: checking if cc supports -c -o file.o
configure:9797: result: yes
configure:9830: checking whether the cc linker (/usr/bin/ld -m elf_x86_64) supports shared libraries
configure:11093: result: yes
configure:11130: checking whether -lc should be explicitly linked in
configure:11138: cc -c -g -O2  conftest.c >&5
configure:11141: $? = 0
configure:11156: cc -shared  -fPIC -DPIC conftest.o  -v -Wl,-soname -Wl,conftest -o conftest 2\>\&1 \| /usr/bin/grep  -lc  \>/dev/null 2\>\&1
configure:11159: $? = 0
configure:11173: result: no
configure:11333: checking dynamic linker characteristics
configure:11914: cc -o conftest -g -O2   -Wl,-rpath -Wl,/foo conftest.c  >&5
configure:11914: $? = 0
configure:12163: result: GNU/Linux ld.so
configure:12285: checking how to hardcode library paths into programs
configure:12310: result: immediate
configure:12858: checking whether stripping libraries is possible
configure:12863: result: yes
configure:12898: checking if libtool supports shared libraries
configure:12900: result: yes
configure:12903: checking whether to build shared libraries
configure:12928: result: yes
configure:12931: checking whether to build static libraries
configure:12935: result: no
configure:13200: patching config.h.in
configure:13211: creating ./config.status

## ---------------------- ##
## Running config.status. ##
## ---------------------- ##

This file was extended by config.status, which was
generated by GNU Autoconf 2.69.  Invocation command line was

  CONFIG_FILES    = 
  CONFIG_HEADERS  = 
  CONFIG_LINKS    = 
  CONFIG_COMMANDS = 
  $ ./config.status 

on kali

config.status:888: creating config.h
config.status:978: config.h is unchanged
config.status:992: executing libtool commands

## ---------------- ##
## Cache variables. ##
## ---------------- ##

ac_cv_build=x86_64-pc-linux-gnu
ac_cv_c_compiler_gnu=yes
ac_cv_env_CC_set=
ac_cv_env_CC_value=
ac_cv_env_CFLAGS_set=
ac_cv_env_CFLAGS_value=
ac_cv_env_CPPFLAGS_set=
ac_cv_env_CPPFLAGS_value=
ac_cv_env_CPP_set=
ac_cv_env_CPP_value=
ac_cv_env_LDFLAGS_set=
ac_cv_env_LDFLAGS_value=
ac_cv_env_LIBS_set=
ac_cv_env_LIBS_value=
ac_cv_env_LT_SYS_LIBRARY_PATH_set=
ac_cv_env_LT_SYS_LIBRARY_PATH_value=
ac_cv_env_PKG_CONFIG_LIBDIR_set=
ac_cv_env_PKG_CONFIG_LIBDIR_value=
ac_cv_env_PKG_CONFIG_PATH_set=
ac_cv_env_PKG_CONFIG_PATH_value=
ac_cv_env_PKG_CONFIG_set=
ac_cv_env_PKG_CONFIG_value=
ac_cv_env_build_alias_set=
ac_cv_env_build_alias_value=
ac_cv_env_host_alias_set=
ac_cv_env_host_alias_value=
ac_cv_env_target_alias_set=
ac_cv_env_target_alias_value=
ac_cv_header_dlfcn_h=yes
ac_cv_header_inttypes_h=yes
ac_cv_header_memory_h=yes
ac_cv_header_stdc=yes
ac_cv_header_stdint_h=yes
ac_cv_header_stdlib_h=yes
ac_cv_header_string_h=yes
ac_cv_header_strings_h=yes
ac_cv_header_sys_stat_h=yes
ac_cv_header_sys_types_h=yes
ac_cv_header_unistd_h=yes
ac_cv_host=x86_64-pc-linux-gnu
ac_cv_objext=o
ac_cv_path_EGREP='/usr/bin/grep -E'
ac_cv_path_FGREP='/usr/bin/grep -F'
ac_cv_path_GREP=/usr/bin/grep
ac_cv_path_SED=/usr/bin/sed
ac_cv_path_ac_pt_PKG_CONFIG=/usr/bin/pkg-config
ac_cv_path_lt_DD=/usr/bin/dd
ac_cv_prog_AWK=gawk
ac_cv_prog_CPP='cc -E'
ac_cv_prog_ac_ct_AR=ar
ac_cv_prog_ac_ct_CC=cc
ac_cv_prog_ac_ct_MANIFEST_TOOL=mt
ac_cv_prog_ac_ct_OBJDUMP=objdump
ac_cv_prog_ac_ct_RANLIB=ranlib
ac_cv_prog_ac_ct_STRIP=strip
ac_cv_prog_cc_c89=
ac_cv_prog_cc_g=yes
ac_cv_target=x86_64-pc-linux-gnu
lt_cv_ar_at_file=@
lt_cv_archive_cmds_need_lc=no
lt_cv_deplibs_check_method=pass_all
lt_cv_file_magic_cmd='$MAGIC_CMD'
lt_cv_file_magic_test_file=
lt_cv_ld_reload_flag=-r
lt_cv_nm_interface='BSD nm'
lt_cv_objdir=.libs
lt_cv_path_LD=/usr/bin/ld
lt_cv_path_NM='/usr/bin/nm -B'
lt_cv_path_mainfest_tool=no
lt_cv_prog_compiler_c_o=yes
lt_cv_prog_compiler_pic='-fPIC -DPIC'
lt_cv_prog_compiler_pic_works=yes
lt_cv_prog_compiler_rtti_exceptions=no
lt_cv_prog_compiler_static_works=yes
lt_cv_prog_gnu_ld=yes
lt_cv_sharedlib_from_linklib_cmd='printf %s\n'
lt_cv_shlibpath_overrides_runpath=yes
lt_cv_sys_global_symbol_pipe='sed -n -e '\''s/^.*[	 ]\([ABCDGIRSTW][ABCDGIRSTW]*\)[	 ][	 ]*\([_A-Za-z][_A-Za-z0-9]*\)$/\1 \2 \2/p'\'' | sed '\''/ __gnu_lto/d'\'''
lt_cv_sys_global_symbol_to_c_name_address='sed -n -e '\''s/^: \(.*\) .*$/  {"\1", (void *) 0},/p'\'' -e '\''s/^[ABCDGIRSTW][ABCDGIRSTW]* .* \(.*\)$/  {"\1", (void *) \&\1},/p'\'''
lt_cv_sys_global_symbol_to_c_name_address_lib_prefix='sed -n -e '\''s/^: \(.*\) .*$/  {"\1", (void *) 0},/p'\'' -e '\''s/^[ABCDGIRSTW][ABCDGIRSTW]* .* \(lib.*\)$/  {"\1", (void *) \&\1},/p'\'' -e '\''s/^[ABCDGIRSTW][ABCDGIRSTW]* .* \(.*\)$/  {"lib\1", (void *) \&\1},/p'\'''
lt_cv_sys_global_symbol_to_cdecl='sed -n -e '\''s/^T .* \(.*\)$/extern int \1();/p'\'' -e '\''s/^[ABCDGIRSTW][ABCDGIRSTW]* .* \(.*\)$/extern char \1;/p'\'''
lt_cv_sys_global_symbol_to_import=
lt_cv_sys_max_cmd_len=1572864
lt_cv_to_host_file_cmd=func_convert_file_noop
lt_cv_to_tool_file_cmd=func_convert_file_noop
lt_cv_truncate_bin='/usr/bin/dd bs=4096 count=1'
php_cv_cc_dashr=no
php_cv_cc_rpath=yes

## ----------------- ##
## Output variables. ##
## ----------------- ##

AR='ar'
AWK='gawk'
CC='cc'
CFLAGS='-g -O2'
CONFIGURE_COMMAND=' '\''./configure'\'' '
CONFIGURE_OPTIONS=''
CPP='cc -E'
CPPFLAGS=' -DHAVE_CONFIG_H'
DEFS='-DHAVE_CONFIG_H'
DLLTOOL='false'
DSYMUTIL=''
DUMPBIN=''
ECHO_C=''
ECHO_N='-n'
ECHO_T=''
EGREP='/usr/bin/grep -E'
EXEEXT=''
FGREP='/usr/bin/grep -F'
GREP='/usr/bin/grep'
LD='/usr/bin/ld -m elf_x86_64'
LDFLAGS=''
LIBOBJS=''
LIBS=''
LIBTOOL='$(SHELL) $(top_builddir)/libtool'
LIPO=''
LN_S='ln -s'
LTLIBOBJS=''
LT_SYS_LIBRARY_PATH=''
MANIFEST_TOOL=':'
NM='/usr/bin/nm -B'
NMEDIT=''
OBJDUMP='objdump'
OBJEXT='o'
OTOOL64=''
OTOOL=''
PACKAGE_BUGREPORT=''
PACKAGE_NAME=''
PACKAGE_STRING=''
PACKAGE_TARNAME=''
PACKAGE_URL=''
PACKAGE_VERSION=''
PATH_SEPARATOR=':'
PKG_CONFIG='/usr/bin/pkg-config'
PKG_CONFIG_LIBDIR=''
PKG_CONFIG_PATH=''
RANLIB='ranlib'
SED='/usr/bin/sed'
SHELL='/bin/bash'
SHLIB_DL_SUFFIX_NAME='so'
SHLIB_SUFFIX_NAME='so'
STRIP='strip'
ac_ct_AR='ar'
ac_ct_CC='cc'
ac_ct_DUMPBIN=''
bindir='${exec_prefix}/bin'
build='x86_64-pc-linux-gnu'
build_alias=''
build_cpu='x86_64'
build_os='linux-gnu'
build_vendor='pc'
datadir='${datarootdir}'
datarootdir='${prefix}/share'
docdir='${datarootdir}/doc/${PACKAGE}'
dvidir='${docdir}'
exec_prefix='$(prefix)'
host='x86_64-pc-linux-gnu'
host_alias='x86_64-pc-linux-gnu'
host_cpu='x86_64'
host_os='linux-gnu'
host_vendor='pc'
htmldir='${docdir}'
includedir='${prefix}/include'
infodir='${datarootdir}/info'
libdir='${exec_prefix}/lib'
libexecdir='${exec_prefix}/libexec'
localedir='${datarootdir}/locale'
localstatedir='${prefix}/var'
mandir='${datarootdir}/man'
oldincludedir='/usr/include'
pdfdir='${docdir}'
prefix='/usr'
program_transform_name='s,x,x,'
psdir='${docdir}'
runstatedir='${localstatedir}/run'
sbindir='${exec_prefix}/sbin'
sharedstatedir='${prefix}/com'
sysconfdir='${prefix}/etc'
target='x86_64-pc-linux-gnu'
target_alias=''
target_cpu='x86_64'
target_os='linux-gnu'
target_vendor='pc'

## ----------- ##
## confdefs.h. ##
## ----------- ##

/* confdefs.h */
#define PACKAGE_NAME ""
#define PACKAGE_TARNAME ""
#define PACKAGE_VERSION ""
#define PACKAGE_STRING ""
#define PACKAGE_BUGREPORT ""
#define PACKAGE_URL ""
#define COMPILE_DL_VLD 1
#define STDC_HEADERS 1
#define HAVE_SYS_TYPES_H 1
#define HAVE_SYS_STAT_H 1
#define HAVE_STDLIB_H 1
#define HAVE_STRING_H 1
#define HAVE_MEMORY_H 1
#define HAVE_STRINGS_H 1
#define HAVE_INTTYPES_H 1
#define HAVE_STDINT_H 1
#define HAVE_UNISTD_H 1
#define HAVE_DLFCN_H 1
#define LT_OBJDIR ".libs/"

configure: exit 0
